<?xml version="1.0" encoding="UTF-8"?>
<!-- Generated by org.testng.reporters.JUnitReportReporter -->
<testsuite hostname="DESKTOP-8I169PA" failures="0" tests="3" name="cucumberOptions.TestNGRunner" time="22.100" errors="0" timestamp="2024-09-11T21:17:23 SAST" skipped="0">
  <testcase classname="cucumberOptions.TestNGRunner" name="runScenario" time="8.168"/>
  <testcase classname="cucumberOptions.TestNGRunner" name="runScenario" time="7.447"/>
  <testcase classname="cucumberOptions.TestNGRunner" name="runScenario" time="6.485"/>
</testsuite> <!-- cucumberOptions.TestNGRunner -->
